SF:C:\Users\Can Ahmed\Desktop\cen310-midterm-Parlak-CanAhmediYasar\ Ahmed\Desktop\cen310-midterm-Parlak-CanAhmediYasar\src\teamManagerapp\src\teamManager\header\teamManager.h
DA:26,1
DA:34,1
DA:42,1
DA:52,1
DA:18,1
DA:12,0
DA:13,0
DA:1,1
end_of_record
SF:C:\Users\Can Ahmed\Desktop\cen310-midterm-Parlak-CanAhmediYasar\ Ahmed\Desktop\cen310-midterm-Parlak-CanAhmediYasar\README.md
DA:1,0
end_of_record
SF:C:\Users\Can Ahmed\Desktop\cen310-midterm-Parlak-CanAhmediYasar\ Ahmed\Desktop\cen310-midterm-Parlak-CanAhmediYasar\src\teamManagerapp\header\teamManagerapp.h
DA:1,1
end_of_record
SF:C:\Users\Can Ahmed\Desktop\cen310-midterm-Parlak-CanAhmediYasar\ Ahmed\Desktop\cen310-midterm-Parlak-CanAhmediYasar\src\teamManagerapp\src\teamManager\src\teamManager.cpp
DA:1,0
end_of_record
SF:C:\Users\Can Ahmed\Desktop\cen310-midterm-Parlak-CanAhmediYasar\ Ahmed\Desktop\cen310-midterm-Parlak-CanAhmediYasar\src\teamManagerapp\src\teamManagerapp.cpp
DA:1,0
end_of_record
SF:C:\Users\Can Ahmed\Desktop\cen310-midterm-Parlak-CanAhmediYasar\ Ahmed\Desktop\cen310-midterm-Parlak-CanAhmediYasar\src\utility\header\commonTypes.h
DA:1,1
end_of_record
SF:C:\Users\Can Ahmed\Desktop\cen310-midterm-Parlak-CanAhmediYasar\ Ahmed\Desktop\cen310-midterm-Parlak-CanAhmediYasar\src\utility\header\monte_carlo_pi.h
DA:1,0
end_of_record
SF:C:\Users\Can Ahmed\Desktop\cen310-midterm-Parlak-CanAhmediYasar\ Ahmed\Desktop\cen310-midterm-Parlak-CanAhmediYasar\src\utility\src\monte_carlo_pi.cpp
DA:1,0
end_of_record
